Thread n°0 is running...
Thread n°1 is running...
Thread n°2 is running...
Thread n°3 is running...
Thread n°4 is running...
Thread n°5 is running...
Thread n°6 is running...
Thread n°7 is running...
Thread n°8 is running...
Parsing Gate XML file : /users/melodi/aghamnia/TextToBabelNet/wiki_gate/frwiki-20130328-2.023_0000A.xml
Starting parsing for /users/melodi/aghamnia/TextToBabelNet/wiki_gate/frwiki-20130328-2.023_0000A.xml
Parsing Gate XML file : /users/melodi/aghamnia/TextToBabelNet/wiki_gate/frwiki-20130328-7.005_0000A.xml
Parsing Gate XML file : /users/melodi/aghamnia/TextToBabelNet/wiki_gate/frwiki-20130328-7.020_0000A.xml
Starting parsing for /users/melodi/aghamnia/TextToBabelNet/wiki_gate/frwiki-20130328-7.005_0000A.xml
Parsing Gate XML file : /users/melodi/aghamnia/TextToBabelNet/wiki_gate/frwiki-20130328-2.001_0000A.xml
Starting parsing for /users/melodi/aghamnia/TextToBabelNet/wiki_gate/frwiki-20130328-7.020_0000A.xml
Parsing Gate XML file : /users/melodi/aghamnia/TextToBabelNet/wiki_gate/frwiki-20130328-1.004_0000A.xml
Parsing Gate XML file : /users/melodi/aghamnia/TextToBabelNet/wiki_gate/frwiki-20130328-2.009_0000A.xml
Thread n°9 is running...
Starting parsing for /users/melodi/aghamnia/TextToBabelNet/wiki_gate/frwiki-20130328-2.001_0000A.xml
Parsing Gate XML file : /users/melodi/aghamnia/TextToBabelNet/wiki_gate/frwiki-20130328-3.004_0000A.xml
Parsing Gate XML file : /users/melodi/aghamnia/TextToBabelNet/wiki_gate/frwiki-20130328-5.018_0000A.xml
Starting parsing for /users/melodi/aghamnia/TextToBabelNet/wiki_gate/frwiki-20130328-1.004_0000A.xml
Starting parsing for /users/melodi/aghamnia/TextToBabelNet/wiki_gate/frwiki-20130328-2.009_0000A.xml
Starting parsing for /users/melodi/aghamnia/TextToBabelNet/wiki_gate/frwiki-20130328-3.004_0000A.xml
Thread n°10 is running...
Starting parsing for /users/melodi/aghamnia/TextToBabelNet/wiki_gate/frwiki-20130328-5.018_0000A.xml
Parsing Gate XML file : /users/melodi/aghamnia/TextToBabelNet/wiki_gate/frwiki-20130328-6.012_0000A.xml
Thread n°11 is running...
Parsing Gate XML file : /users/melodi/aghamnia/TextToBabelNet/wiki_gate/frwiki-20130328-3.025_0000A.xml
Starting parsing for /users/melodi/aghamnia/TextToBabelNet/wiki_gate/frwiki-20130328-3.025_0000A.xml
Thread n°12 is running...
Parsing Gate XML file : /users/melodi/aghamnia/TextToBabelNet/wiki_gate/frwiki-20130328-6.006_0000A.xml
Starting parsing for /users/melodi/aghamnia/TextToBabelNet/wiki_gate/frwiki-20130328-6.006_0000A.xml
Thread n°13 is running...
Starting parsing for /users/melodi/aghamnia/TextToBabelNet/wiki_gate/frwiki-20130328-6.012_0000A.xml
Parsing Gate XML file : /users/melodi/aghamnia/TextToBabelNet/wiki_gate/frwiki-20130328-4.008_0000A.xml
Thread n°14 is running...
Starting parsing for /users/melodi/aghamnia/TextToBabelNet/wiki_gate/frwiki-20130328-4.008_0000A.xml
Parsing Gate XML file : /users/melodi/aghamnia/TextToBabelNet/wiki_gate/frwiki-20130328-7.013_0000A.xml
Starting parsing for /users/melodi/aghamnia/TextToBabelNet/wiki_gate/frwiki-20130328-7.013_0000A.xml
Thread n°15 is running...
Parsing Gate XML file : /users/melodi/aghamnia/TextToBabelNet/wiki_gate/frwiki-20130328-4.001_0000A.xml
Starting parsing for /users/melodi/aghamnia/TextToBabelNet/wiki_gate/frwiki-20130328-4.001_0000A.xml
Thread n°16 is running...
Parsing Gate XML file : /users/melodi/aghamnia/TextToBabelNet/wiki_gate/frwiki-20130328-3.021_0000A.xml
Starting parsing for /users/melodi/aghamnia/TextToBabelNet/wiki_gate/frwiki-20130328-3.021_0000A.xml
Thread n°17 is running...
Parsing Gate XML file : /users/melodi/aghamnia/TextToBabelNet/wiki_gate/frwiki-20130328-6.007_0000A.xml
Thread n°18 is running...
Parsing Gate XML file : /users/melodi/aghamnia/TextToBabelNet/wiki_gate/frwiki-20130328-3.022_0000A.xml
Starting parsing for /users/melodi/aghamnia/TextToBabelNet/wiki_gate/frwiki-20130328-6.007_0000A.xml
Starting parsing for /users/melodi/aghamnia/TextToBabelNet/wiki_gate/frwiki-20130328-3.022_0000A.xml
Thread n°19 is running...
Parsing Gate XML file : /users/melodi/aghamnia/TextToBabelNet/wiki_gate/frwiki-20130328-1.005_0000A.xml
Starting parsing for /users/melodi/aghamnia/TextToBabelNet/wiki_gate/frwiki-20130328-1.005_0000A.xml
Parsing Gate XML file : /users/melodi/aghamnia/TextToBabelNet/wiki_gate/frwiki-20130328-7.012_0000A.xml
Starting parsing for /users/melodi/aghamnia/TextToBabelNet/wiki_gate/frwiki-20130328-7.012_0000A.xml
Thread n°20 is running...
Thread n°21 is running...
Parsing Gate XML file : /users/melodi/aghamnia/TextToBabelNet/wiki_gate/frwiki-20130328-5.007_0000A.xml
Starting parsing for /users/melodi/aghamnia/TextToBabelNet/wiki_gate/frwiki-20130328-5.007_0000A.xml
Parsing Gate XML file : /users/melodi/aghamnia/TextToBabelNet/wiki_gate/frwiki-20130328-5.022_0000A.xml
Starting parsing for /users/melodi/aghamnia/TextToBabelNet/wiki_gate/frwiki-20130328-5.022_0000A.xml
Thread n°22 is running...
Thread n°23 is running...
Parsing Gate XML file : /users/melodi/aghamnia/TextToBabelNet/wiki_gate/frwiki-20130328-7.001_0000A.xml
Starting parsing for /users/melodi/aghamnia/TextToBabelNet/wiki_gate/frwiki-20130328-7.001_0000A.xml
Thread n°24 is running...
Parsing Gate XML file : /users/melodi/aghamnia/TextToBabelNet/wiki_gate/frwiki-20130328-7.015_0000A.xml
Starting parsing for /users/melodi/aghamnia/TextToBabelNet/wiki_gate/frwiki-20130328-7.015_0000A.xml
Thread n°25 is running...
Parsing Gate XML file : /users/melodi/aghamnia/TextToBabelNet/wiki_gate/frwiki-20130328-4.009_0000A.xml
Thread n°26 is running...
Starting parsing for /users/melodi/aghamnia/TextToBabelNet/wiki_gate/frwiki-20130328-4.009_0000A.xml
Parsing Gate XML file : /users/melodi/aghamnia/TextToBabelNet/wiki_gate/frwiki-20130328-2.010_0000A.xml
Starting parsing for /users/melodi/aghamnia/TextToBabelNet/wiki_gate/frwiki-20130328-2.010_0000A.xml
Parsing Gate XML file : /users/melodi/aghamnia/TextToBabelNet/wiki_gate/frwiki-20130328-7.009_0000A.xml
Thread n°27 is running...
Starting parsing for /users/melodi/aghamnia/TextToBabelNet/wiki_gate/frwiki-20130328-7.009_0000A.xml
Parsing Gate XML file : /users/melodi/aghamnia/TextToBabelNet/wiki_gate/frwiki-20130328-5.006_0000A.xml
Starting parsing for /users/melodi/aghamnia/TextToBabelNet/wiki_gate/frwiki-20130328-5.006_0000A.xml
Thread n°28 is running...
Thread n°29 is running...
Parsing Gate XML file : /users/melodi/aghamnia/TextToBabelNet/wiki_gate/frwiki-20130328-3.006_0000A.xml
Starting parsing for /users/melodi/aghamnia/TextToBabelNet/wiki_gate/frwiki-20130328-3.006_0000A.xml
Parsing Gate XML file : /users/melodi/aghamnia/TextToBabelNet/wiki_gate/frwiki-20130328-6.018_0000A.xml
Starting parsing for /users/melodi/aghamnia/TextToBabelNet/wiki_gate/frwiki-20130328-6.018_0000A.xml
Thread n°30 is running...
Parsing Gate XML file : /users/melodi/aghamnia/TextToBabelNet/wiki_gate/frwiki-20130328-3.011_0000A.xml
Starting parsing for /users/melodi/aghamnia/TextToBabelNet/wiki_gate/frwiki-20130328-3.011_0000A.xml
Thread n°31 is running...
Parsing Gate XML file : /users/melodi/aghamnia/TextToBabelNet/wiki_gate/frwiki-20130328-6.017_0000A.xml
Thread n°32 is running...
Starting parsing for /users/melodi/aghamnia/TextToBabelNet/wiki_gate/frwiki-20130328-6.017_0000A.xml
Thread n°33 is running...
Parsing Gate XML file : /users/melodi/aghamnia/TextToBabelNet/wiki_gate/frwiki-20130328-3.023_0000A.xml
Starting parsing for /users/melodi/aghamnia/TextToBabelNet/wiki_gate/frwiki-20130328-3.023_0000A.xml
Thread n°34 is running...
Thread n°35 is running...
Parsing Gate XML file : /users/melodi/aghamnia/TextToBabelNet/wiki_gate/frwiki-20130328-3.010_0000A.xml
Parsing Gate XML file : /users/melodi/aghamnia/TextToBabelNet/wiki_gate/frwiki-20130328-3.014_0000A.xml
Starting parsing for /users/melodi/aghamnia/TextToBabelNet/wiki_gate/frwiki-20130328-3.010_0000A.xml
Starting parsing for /users/melodi/aghamnia/TextToBabelNet/wiki_gate/frwiki-20130328-3.014_0000A.xml
Parsing Gate XML file : /users/melodi/aghamnia/TextToBabelNet/wiki_gate/frwiki-20130328-2.003_0000A.xml
Thread n°36 is running...
Starting parsing for /users/melodi/aghamnia/TextToBabelNet/wiki_gate/frwiki-20130328-2.003_0000A.xml
Thread n°37 is running...
Parsing Gate XML file : /users/melodi/aghamnia/TextToBabelNet/wiki_gate/frwiki-20130328-5.016_0000A.xml
Starting parsing for /users/melodi/aghamnia/TextToBabelNet/wiki_gate/frwiki-20130328-5.016_0000A.xml
Thread n°38 is running...
Thread n°39 is running...
Parsing Gate XML file : /users/melodi/aghamnia/TextToBabelNet/wiki_gate/frwiki-20130328-7.024_0000A.xml
Starting parsing for /users/melodi/aghamnia/TextToBabelNet/wiki_gate/frwiki-20130328-7.024_0000A.xml
Parsing Gate XML file : /users/melodi/aghamnia/TextToBabelNet/wiki_gate/frwiki-20130328-3.005_0000A.xml
Thread n°40 is running...
Starting parsing for /users/melodi/aghamnia/TextToBabelNet/wiki_gate/frwiki-20130328-3.005_0000A.xml
Parsing Gate XML file : /users/melodi/aghamnia/TextToBabelNet/wiki_gate/frwiki-20130328-1.001_0000A.xml
Thread n°41 is running...
Parsing Gate XML file : /users/melodi/aghamnia/TextToBabelNet/wiki_gate/frwiki-20130328-7.019_0000A.xml
Starting parsing for /users/melodi/aghamnia/TextToBabelNet/wiki_gate/frwiki-20130328-1.001_0000A.xml
Starting parsing for /users/melodi/aghamnia/TextToBabelNet/wiki_gate/frwiki-20130328-7.019_0000A.xml
Thread n°42 is running...
Parsing Gate XML file : /users/melodi/aghamnia/TextToBabelNet/wiki_gate/frwiki-20130328-5.009_0000A.xml
Starting parsing for /users/melodi/aghamnia/TextToBabelNet/wiki_gate/frwiki-20130328-5.009_0000A.xml
Thread n°43 is running...
Thread n°44 is running...
Parsing Gate XML file : /users/melodi/aghamnia/TextToBabelNet/wiki_gate/frwiki-20130328-6.008_0000A.xml
Parsing Gate XML file : /users/melodi/aghamnia/TextToBabelNet/wiki_gate/frwiki-20130328-5.015_0000A.xml
Starting parsing for /users/melodi/aghamnia/TextToBabelNet/wiki_gate/frwiki-20130328-6.008_0000A.xml
Starting parsing for /users/melodi/aghamnia/TextToBabelNet/wiki_gate/frwiki-20130328-5.015_0000A.xml
Thread n°45 is running...
Parsing Gate XML file : /users/melodi/aghamnia/TextToBabelNet/wiki_gate/frwiki-20130328-2.006_0000A.xml
Starting parsing for /users/melodi/aghamnia/TextToBabelNet/wiki_gate/frwiki-20130328-2.006_0000A.xml
Parsing Gate XML file : /users/melodi/aghamnia/TextToBabelNet/wiki_gate/frwiki-20130328-4.018_0000A.xml
Thread n°46 is running...
Starting parsing for /users/melodi/aghamnia/TextToBabelNet/wiki_gate/frwiki-20130328-4.018_0000A.xml
Parsing Gate XML file : /users/melodi/aghamnia/TextToBabelNet/wiki_gate/frwiki-20130328-6.013_0000A.xml
Thread n°47 is running...
Parsing Gate XML file : /users/melodi/aghamnia/TextToBabelNet/wiki_gate/frwiki-20130328-6.004_0000A.xml
Parsing Gate XML file : /users/melodi/aghamnia/TextToBabelNet/wiki_gate/frwiki-20130328-5.013_0000A.xml
Thread n°48 is running...
Starting parsing for /users/melodi/aghamnia/TextToBabelNet/wiki_gate/frwiki-20130328-5.013_0000A.xml
Starting parsing for /users/melodi/aghamnia/TextToBabelNet/wiki_gate/frwiki-20130328-6.004_0000A.xml
Starting parsing for /users/melodi/aghamnia/TextToBabelNet/wiki_gate/frwiki-20130328-6.013_0000A.xml
Thread n°49 is running...
Thread n°50 is running...
Parsing Gate XML file : /users/melodi/aghamnia/TextToBabelNet/wiki_gate/frwiki-20130328-7.004_0000A.xml
Parsing Gate XML file : /users/melodi/aghamnia/TextToBabelNet/wiki_gate/frwiki-20130328-7.014_0000A.xml
Starting parsing for /users/melodi/aghamnia/TextToBabelNet/wiki_gate/frwiki-20130328-7.004_0000A.xml
Thread n°51 is running...
Starting parsing for /users/melodi/aghamnia/TextToBabelNet/wiki_gate/frwiki-20130328-7.014_0000A.xml
Thread n°52 is running...
Parsing Gate XML file : /users/melodi/aghamnia/TextToBabelNet/wiki_gate/frwiki-20130328-6.015_0000A.xml
Parsing Gate XML file : /users/melodi/aghamnia/TextToBabelNet/wiki_gate/frwiki-20130328-2.022_0000A.xml
Thread n°53 is running...
Starting parsing for /users/melodi/aghamnia/TextToBabelNet/wiki_gate/frwiki-20130328-2.022_0000A.xml
Starting parsing for /users/melodi/aghamnia/TextToBabelNet/wiki_gate/frwiki-20130328-6.015_0000A.xml
Thread n°54 is running...
Thread n°55 is running...
Parsing Gate XML file : /users/melodi/aghamnia/TextToBabelNet/wiki_gate/frwiki-20130328-6.022_0000A.xml
Parsing Gate XML file : /users/melodi/aghamnia/TextToBabelNet/wiki_gate/frwiki-20130328-3.015_0000A.xml
Thread n°56 is running...
Starting parsing for /users/melodi/aghamnia/TextToBabelNet/wiki_gate/frwiki-20130328-6.022_0000A.xml
Starting parsing for /users/melodi/aghamnia/TextToBabelNet/wiki_gate/frwiki-20130328-3.015_0000A.xml
Parsing Gate XML file : /users/melodi/aghamnia/TextToBabelNet/wiki_gate/frwiki-20130328-7.022_0000A.xml
Parsing Gate XML file : /users/melodi/aghamnia/TextToBabelNet/wiki_gate/frwiki-20130328-5.003_0000A.xml
Thread n°57 is running...
Starting parsing for /users/melodi/aghamnia/TextToBabelNet/wiki_gate/frwiki-20130328-7.022_0000A.xml
Starting parsing for /users/melodi/aghamnia/TextToBabelNet/wiki_gate/frwiki-20130328-5.003_0000A.xml
Thread n°58 is running...
Parsing Gate XML file : /users/melodi/aghamnia/TextToBabelNet/wiki_gate/frwiki-20130328-4.006_0000A.xml
Thread n°59 is running...
Parsing Gate XML file : /users/melodi/aghamnia/TextToBabelNet/wiki_gate/frwiki-20130328-2.015_0000A.xml
Starting parsing for /users/melodi/aghamnia/TextToBabelNet/wiki_gate/frwiki-20130328-4.006_0000A.xml
Starting parsing for /users/melodi/aghamnia/TextToBabelNet/wiki_gate/frwiki-20130328-2.015_0000A.xml
Thread n°60 is running...
Parsing Gate XML file : /users/melodi/aghamnia/TextToBabelNet/wiki_gate/frwiki-20130328-3.018_0000A.xml
Thread n°61 is running...
Parsing Gate XML file : /users/melodi/aghamnia/TextToBabelNet/wiki_gate/frwiki-20130328-2.020_0000A.xml
Starting parsing for /users/melodi/aghamnia/TextToBabelNet/wiki_gate/frwiki-20130328-3.018_0000A.xml
Parsing Gate XML file : /users/melodi/aghamnia/TextToBabelNet/wiki_gate/frwiki-20130328-7.021_0000A.xml
Starting parsing for /users/melodi/aghamnia/TextToBabelNet/wiki_gate/frwiki-20130328-2.020_0000A.xml
Starting parsing for /users/melodi/aghamnia/TextToBabelNet/wiki_gate/frwiki-20130328-7.021_0000A.xml
Thread n°62 is running...
Parsing Gate XML file : /users/melodi/aghamnia/TextToBabelNet/wiki_gate/frwiki-20130328-3.012_0000A.xml
Starting parsing for /users/melodi/aghamnia/TextToBabelNet/wiki_gate/frwiki-20130328-3.012_0000A.xml
Thread n°63 is running...
Thread n°64 is running...
Parsing Gate XML file : /users/melodi/aghamnia/TextToBabelNet/wiki_gate/frwiki-20130328-5.001_0000A.xml
Starting parsing for /users/melodi/aghamnia/TextToBabelNet/wiki_gate/frwiki-20130328-5.001_0000A.xml
Parsing Gate XML file : /users/melodi/aghamnia/TextToBabelNet/wiki_gate/frwiki-20130328-7.016_0000A.xml
Thread n°65 is running...
Starting parsing for /users/melodi/aghamnia/TextToBabelNet/wiki_gate/frwiki-20130328-7.016_0000A.xml
Thread n°66 is running...
Parsing Gate XML file : /users/melodi/aghamnia/TextToBabelNet/wiki_gate/frwiki-20130328-4.007_0000A.xml
Starting parsing for /users/melodi/aghamnia/TextToBabelNet/wiki_gate/frwiki-20130328-4.007_0000A.xml
Thread n°67 is running...
Parsing Gate XML file : /users/melodi/aghamnia/TextToBabelNet/wiki_gate/frwiki-20130328-5.011_0000A.xml
Thread n°68 is running...
Parsing Gate XML file : /users/melodi/aghamnia/TextToBabelNet/wiki_gate/frwiki-20130328-5.019_0000A.xml
Starting parsing for /users/melodi/aghamnia/TextToBabelNet/wiki_gate/frwiki-20130328-5.011_0000A.xml
Starting parsing for /users/melodi/aghamnia/TextToBabelNet/wiki_gate/frwiki-20130328-5.019_0000A.xml
Thread n°69 is running...
Parsing Gate XML file : /users/melodi/aghamnia/TextToBabelNet/wiki_gate/frwiki-20130328-6.009_0000A.xml
Starting parsing for /users/melodi/aghamnia/TextToBabelNet/wiki_gate/frwiki-20130328-6.009_0000A.xml
Thread n°70 is running...
Thread n°71 is running...
Parsing Gate XML file : /users/melodi/aghamnia/TextToBabelNet/wiki_gate/frwiki-20130328-3.024_0000A.xml
Thread n°72 is running...
Starting parsing for /users/melodi/aghamnia/TextToBabelNet/wiki_gate/frwiki-20130328-3.024_0000A.xml
Parsing Gate XML file : /users/melodi/aghamnia/TextToBabelNet/wiki_gate/frwiki-20130328-2.014_0000A.xml
Parsing Gate XML file : /users/melodi/aghamnia/TextToBabelNet/wiki_gate/frwiki-20130328-4.005_0000A.xml
Thread n°73 is running...
Starting parsing for /users/melodi/aghamnia/TextToBabelNet/wiki_gate/frwiki-20130328-2.014_0000A.xml
Parsing Gate XML file : /users/melodi/aghamnia/TextToBabelNet/wiki_gate/frwiki-20130328-3.019_0000A.xml
Starting parsing for /users/melodi/aghamnia/TextToBabelNet/wiki_gate/frwiki-20130328-4.005_0000A.xml
Thread n°74 is running...
Parsing Gate XML file : /users/melodi/aghamnia/TextToBabelNet/wiki_gate/frwiki-20130328-6.025_0000A.xml
Starting parsing for /users/melodi/aghamnia/TextToBabelNet/wiki_gate/frwiki-20130328-3.019_0000A.xml
Thread n°75 is running...
Starting parsing for /users/melodi/aghamnia/TextToBabelNet/wiki_gate/frwiki-20130328-6.025_0000A.xml
Parsing Gate XML file : /users/melodi/aghamnia/TextToBabelNet/wiki_gate/frwiki-20130328-7.003_0000A.xml
Parsing Gate XML file : /users/melodi/aghamnia/TextToBabelNet/wiki_gate/frwiki-20130328-1.006_0000A.xml
Thread n°76 is running...
Starting parsing for /users/melodi/aghamnia/TextToBabelNet/wiki_gate/frwiki-20130328-7.003_0000A.xml
Starting parsing for /users/melodi/aghamnia/TextToBabelNet/wiki_gate/frwiki-20130328-1.006_0000A.xml
Parsing Gate XML file : /users/melodi/aghamnia/TextToBabelNet/wiki_gate/frwiki-20130328-6.003_0000A.xml
Thread n°77 is running...
Starting parsing for /users/melodi/aghamnia/TextToBabelNet/wiki_gate/frwiki-20130328-6.003_0000A.xml
Thread n°78 is running...
Parsing Gate XML file : /users/melodi/aghamnia/TextToBabelNet/wiki_gate/frwiki-20130328-7.011_0000A.xml
Thread n°79 is running...
Starting parsing for /users/melodi/aghamnia/TextToBabelNet/wiki_gate/frwiki-20130328-7.011_0000A.xml
Parsing Gate XML file : /users/melodi/aghamnia/TextToBabelNet/wiki_gate/frwiki-20130328-1.002_0000A.xml
Parsing Gate XML file : /users/melodi/aghamnia/TextToBabelNet/wiki_gate/frwiki-20130328-3.026_0000A.xml
Starting parsing for /users/melodi/aghamnia/TextToBabelNet/wiki_gate/frwiki-20130328-1.002_0000A.xml
Starting parsing for /users/melodi/aghamnia/TextToBabelNet/wiki_gate/frwiki-20130328-3.026_0000A.xml
Parsing Gate XML file : /users/melodi/aghamnia/TextToBabelNet/wiki_gate/frwiki-20130328-4.004_0000A.xml
Thread n°80 is running...
Starting parsing for /users/melodi/aghamnia/TextToBabelNet/wiki_gate/frwiki-20130328-4.004_0000A.xml
Thread n°81 is running...
Thread n°82 is running...
Parsing Gate XML file : /users/melodi/aghamnia/TextToBabelNet/wiki_gate/frwiki-20130328-2.019_0000A.xml
Starting parsing for /users/melodi/aghamnia/TextToBabelNet/wiki_gate/frwiki-20130328-2.019_0000A.xml
Thread n°83 is running...
Thread n°84 is running...
Parsing Gate XML file : /users/melodi/aghamnia/TextToBabelNet/wiki_gate/frwiki-20130328-7.008_0000A.xml
Parsing Gate XML file : /users/melodi/aghamnia/TextToBabelNet/wiki_gate/frwiki-20130328-7.010_0000A.xml
Parsing Gate XML file : /users/melodi/aghamnia/TextToBabelNet/wiki_gate/frwiki-20130328-5.024_0000A.xml
Thread n°85 is running...
Starting parsing for /users/melodi/aghamnia/TextToBabelNet/wiki_gate/frwiki-20130328-7.008_0000A.xml
Starting parsing for /users/melodi/aghamnia/TextToBabelNet/wiki_gate/frwiki-20130328-5.024_0000A.xml
Starting parsing for /users/melodi/aghamnia/TextToBabelNet/wiki_gate/frwiki-20130328-7.010_0000A.xml
Thread n°86 is running...
Parsing Gate XML file : /users/melodi/aghamnia/TextToBabelNet/wiki_gate/frwiki-20130328-3.002_0000A.xml
Parsing Gate XML file : /users/melodi/aghamnia/TextToBabelNet/wiki_gate/frwiki-20130328-3.013_0000A.xml
Parsing Gate XML file : /users/melodi/aghamnia/TextToBabelNet/wiki_gate/frwiki-20130328-6.024_0000A.xml
Thread n°87 is running...
Thread n°88 is running...
Starting parsing for /users/melodi/aghamnia/TextToBabelNet/wiki_gate/frwiki-20130328-3.013_0000A.xml
Starting parsing for /users/melodi/aghamnia/TextToBabelNet/wiki_gate/frwiki-20130328-3.002_0000A.xml
Starting parsing for /users/melodi/aghamnia/TextToBabelNet/wiki_gate/frwiki-20130328-6.024_0000A.xml
Thread n°89 is running...
Parsing Gate XML file : /users/melodi/aghamnia/TextToBabelNet/wiki_gate/frwiki-20130328-7.006_0000A.xml
Starting parsing for /users/melodi/aghamnia/TextToBabelNet/wiki_gate/frwiki-20130328-7.006_0000A.xml
Parsing Gate XML file : /users/melodi/aghamnia/TextToBabelNet/wiki_gate/frwiki-20130328-7.018_0000A.xml
Thread n°90 is running...
Starting parsing for /users/melodi/aghamnia/TextToBabelNet/wiki_gate/frwiki-20130328-7.018_0000A.xml
Parsing Gate XML file : /users/melodi/aghamnia/TextToBabelNet/wiki_gate/frwiki-20130328-4.016_0000A.xml
Thread n°91 is running...
Parsing Gate XML file : /users/melodi/aghamnia/TextToBabelNet/wiki_gate/frwiki-20130328-5.002_0000A.xml
Starting parsing for /users/melodi/aghamnia/TextToBabelNet/wiki_gate/frwiki-20130328-4.016_0000A.xml
Starting parsing for /users/melodi/aghamnia/TextToBabelNet/wiki_gate/frwiki-20130328-5.002_0000A.xml
Thread n°92 is running...
Thread n°93 is running...
Parsing Gate XML file : /users/melodi/aghamnia/TextToBabelNet/wiki_gate/frwiki-20130328-2.012_0000A.xml
Starting parsing for /users/melodi/aghamnia/TextToBabelNet/wiki_gate/frwiki-20130328-2.012_0000A.xml
Thread n°94 is running...
Thread n°95 is running...
Parsing Gate XML file : /users/melodi/aghamnia/TextToBabelNet/wiki_gate/frwiki-20130328-4.010_0000A.xml
Parsing Gate XML file : /users/melodi/aghamnia/TextToBabelNet/wiki_gate/frwiki-20130328-6.010_0000A.xml
Parsing Gate XML file : /users/melodi/aghamnia/TextToBabelNet/wiki_gate/frwiki-20130328-7.023_0000A.xml
Starting parsing for /users/melodi/aghamnia/TextToBabelNet/wiki_gate/frwiki-20130328-6.010_0000A.xml
Starting parsing for /users/melodi/aghamnia/TextToBabelNet/wiki_gate/frwiki-20130328-4.010_0000A.xml
Starting parsing for /users/melodi/aghamnia/TextToBabelNet/wiki_gate/frwiki-20130328-7.023_0000A.xml
Parsing Gate XML file : /users/melodi/aghamnia/TextToBabelNet/wiki_gate/frwiki-20130328-5.023_0000A.xml
Thread n°96 is running...
Starting parsing for /users/melodi/aghamnia/TextToBabelNet/wiki_gate/frwiki-20130328-5.023_0000A.xml
Thread n°97 is running...
Parsing Gate XML file : /users/melodi/aghamnia/TextToBabelNet/wiki_gate/frwiki-20130328-2.013_0000A.xml
Starting parsing for /users/melodi/aghamnia/TextToBabelNet/wiki_gate/frwiki-20130328-2.013_0000A.xml
Thread n°98 is running...
Parsing Gate XML file : /users/melodi/aghamnia/TextToBabelNet/wiki_gate/frwiki-20130328-3.003_0000A.xml
Thread n°99 is running...
Starting parsing for /users/melodi/aghamnia/TextToBabelNet/wiki_gate/frwiki-20130328-3.003_0000A.xml
Parsing Gate XML file : /users/melodi/aghamnia/TextToBabelNet/wiki_gate/frwiki-20130328-2.018_0000A.xml
Starting parsing for /users/melodi/aghamnia/TextToBabelNet/wiki_gate/frwiki-20130328-2.018_0000A.xml
Thread n°100 is running...
Thread n°101 is running...
Parsing Gate XML file : /users/melodi/aghamnia/TextToBabelNet/wiki_gate/frwiki-20130328-1.007_0000A.xml
Parsing Gate XML file : /users/melodi/aghamnia/TextToBabelNet/wiki_gate/frwiki-20130328-6.011_0000A.xml
Starting parsing for /users/melodi/aghamnia/TextToBabelNet/wiki_gate/frwiki-20130328-6.011_0000A.xml
Starting parsing for /users/melodi/aghamnia/TextToBabelNet/wiki_gate/frwiki-20130328-1.007_0000A.xml
Thread n°102 is running...
Thread n°103 is running...
Parsing Gate XML file : /users/melodi/aghamnia/TextToBabelNet/wiki_gate/frwiki-20130328-4.002_0000A.xml
Starting parsing for /users/melodi/aghamnia/TextToBabelNet/wiki_gate/frwiki-20130328-4.002_0000A.xml
Thread n°104 is running...
Parsing Gate XML file : /users/melodi/aghamnia/TextToBabelNet/wiki_gate/frwiki-20130328-7.002_0000A.xml
Starting parsing for /users/melodi/aghamnia/TextToBabelNet/wiki_gate/frwiki-20130328-7.002_0000A.xml
Thread n°105 is running...
Parsing Gate XML file : /users/melodi/aghamnia/TextToBabelNet/wiki_gate/frwiki-20130328-5.014_0000A.xml
Thread n°106 is running...
Starting parsing for /users/melodi/aghamnia/TextToBabelNet/wiki_gate/frwiki-20130328-5.014_0000A.xml
Parsing Gate XML file : /users/melodi/aghamnia/TextToBabelNet/wiki_gate/frwiki-20130328-6.001_0000A.xml
Parsing Gate XML file : /users/melodi/aghamnia/TextToBabelNet/wiki_gate/frwiki-20130328-6.014_0000A.xml
Starting parsing for /users/melodi/aghamnia/TextToBabelNet/wiki_gate/frwiki-20130328-6.001_0000A.xml
Starting parsing for /users/melodi/aghamnia/TextToBabelNet/wiki_gate/frwiki-20130328-6.014_0000A.xml
Parsing Gate XML file : /users/melodi/aghamnia/TextToBabelNet/wiki_gate/frwiki-20130328-6.021_0000A.xml
Thread n°107 is running...
Starting parsing for /users/melodi/aghamnia/TextToBabelNet/wiki_gate/frwiki-20130328-6.021_0000A.xml
Thread n°108 is running...
Thread n°109 is running...
Parsing Gate XML file : /users/melodi/aghamnia/TextToBabelNet/wiki_gate/frwiki-20130328-2.011_0000A.xml
Starting parsing for /users/melodi/aghamnia/TextToBabelNet/wiki_gate/frwiki-20130328-2.011_0000A.xml
Parsing Gate XML file : /users/melodi/aghamnia/TextToBabelNet/wiki_gate/frwiki-20130328-2.005_0000A.xml
Thread n°110 is running...
Starting parsing for /users/melodi/aghamnia/TextToBabelNet/wiki_gate/frwiki-20130328-2.005_0000A.xml
Parsing Gate XML file : /users/melodi/aghamnia/TextToBabelNet/wiki_gate/frwiki-20130328-7.007_0000A.xml
Thread n°111 is running...
Starting parsing for /users/melodi/aghamnia/TextToBabelNet/wiki_gate/frwiki-20130328-7.007_0000A.xml
Parsing Gate XML file : /users/melodi/aghamnia/TextToBabelNet/wiki_gate/frwiki-20130328-4.020_0000A.xml
Starting parsing for /users/melodi/aghamnia/TextToBabelNet/wiki_gate/frwiki-20130328-4.020_0000A.xml
Thread n°112 is running...
Parsing Gate XML file : /users/melodi/aghamnia/TextToBabelNet/wiki_gate/frwiki-20130328-2.007_0000A.xml
Thread n°113 is running...
Starting parsing for /users/melodi/aghamnia/TextToBabelNet/wiki_gate/frwiki-20130328-2.007_0000A.xml
Thread n°114 is running...
Parsing Gate XML file : /users/melodi/aghamnia/TextToBabelNet/wiki_gate/frwiki-20130328-1.003_0000A.xml
Starting parsing for /users/melodi/aghamnia/TextToBabelNet/wiki_gate/frwiki-20130328-1.003_0000A.xml
Thread n°115 is running...
Parsing Gate XML file : /users/melodi/aghamnia/TextToBabelNet/wiki_gate/frwiki-20130328-2.016_0000A.xml
Starting parsing for /users/melodi/aghamnia/TextToBabelNet/wiki_gate/frwiki-20130328-2.016_0000A.xml
Thread n°116 is running...
Parsing Gate XML file : /users/melodi/aghamnia/TextToBabelNet/wiki_gate/frwiki-20130328-4.017_0000A.xml
Thread n°117 is running...
Starting parsing for /users/melodi/aghamnia/TextToBabelNet/wiki_gate/frwiki-20130328-4.017_0000A.xml
Parsing Gate XML file : /users/melodi/aghamnia/TextToBabelNet/wiki_gate/frwiki-20130328-3.017_0000A.xml
Thread n°118 is running...
Starting parsing for /users/melodi/aghamnia/TextToBabelNet/wiki_gate/frwiki-20130328-3.017_0000A.xml
Thread n°119 is running...
Parsing Gate XML file : /users/melodi/aghamnia/TextToBabelNet/wiki_gate/frwiki-20130328-2.002_0000A.xml
Parsing Gate XML file : /users/melodi/aghamnia/TextToBabelNet/wiki_gate/frwiki-20130328-5.021_0000A.xml
Starting parsing for /users/melodi/aghamnia/TextToBabelNet/wiki_gate/frwiki-20130328-2.002_0000A.xml
Thread n°120 is running...
Thread n°121 is running...
Parsing Gate XML file : /users/melodi/aghamnia/TextToBabelNet/wiki_gate/frwiki-20130328-3.008_0000A.xml
Starting parsing for /users/melodi/aghamnia/TextToBabelNet/wiki_gate/frwiki-20130328-3.008_0000A.xml
Parsing Gate XML file : /users/melodi/aghamnia/TextToBabelNet/wiki_gate/frwiki-20130328-5.012_0000A.xml
Parsing Gate XML file : /users/melodi/aghamnia/TextToBabelNet/wiki_gate/frwiki-20130328-2.004_0000A.xml
Starting parsing for /users/melodi/aghamnia/TextToBabelNet/wiki_gate/frwiki-20130328-5.012_0000A.xml
Starting parsing for /users/melodi/aghamnia/TextToBabelNet/wiki_gate/frwiki-20130328-2.004_0000A.xml
Parsing Gate XML file : /users/melodi/aghamnia/TextToBabelNet/wiki_gate/frwiki-20130328-3.020_0000A.xml
Starting parsing for /users/melodi/aghamnia/TextToBabelNet/wiki_gate/frwiki-20130328-3.020_0000A.xml
Thread n°122 is running...
Starting parsing for /users/melodi/aghamnia/TextToBabelNet/wiki_gate/frwiki-20130328-5.021_0000A.xml
Thread n°123 is running...
Parsing Gate XML file : /users/melodi/aghamnia/TextToBabelNet/wiki_gate/frwiki-20130328-6.016_0000A.xml
Starting parsing for /users/melodi/aghamnia/TextToBabelNet/wiki_gate/frwiki-20130328-6.016_0000A.xml
Thread n°124 is running...
Thread n°125 is running...
Thread n°126 is running...
Parsing Gate XML file : /users/melodi/aghamnia/TextToBabelNet/wiki_gate/frwiki-20130328-6.020_0000A.xml
Parsing Gate XML file : /users/melodi/aghamnia/TextToBabelNet/wiki_gate/frwiki-20130328-4.003_0000A.xml
Starting parsing for /users/melodi/aghamnia/TextToBabelNet/wiki_gate/frwiki-20130328-6.020_0000A.xml
Thread n°127 is running...
Starting parsing for /users/melodi/aghamnia/TextToBabelNet/wiki_gate/frwiki-20130328-4.003_0000A.xml
Thread n°128 is running...
Parsing Gate XML file : /users/melodi/aghamnia/TextToBabelNet/wiki_gate/frwiki-20130328-6.019_0000A.xml
Starting parsing for /users/melodi/aghamnia/TextToBabelNet/wiki_gate/frwiki-20130328-6.019_0000A.xml
Parsing Gate XML file : /users/melodi/aghamnia/TextToBabelNet/wiki_gate/frwiki-20130328-5.008_0000A.xml
Thread n°129 is running...
Starting parsing for /users/melodi/aghamnia/TextToBabelNet/wiki_gate/frwiki-20130328-5.008_0000A.xml
Parsing Gate XML file : /users/melodi/aghamnia/TextToBabelNet/wiki_gate/frwiki-20130328-3.007_0000A.xml
Parsing Gate XML file : /users/melodi/aghamnia/TextToBabelNet/wiki_gate/frwiki-20130328-6.005_0000A.xml
Parsing Gate XML file : /users/melodi/aghamnia/TextToBabelNet/wiki_gate/frwiki-20130328-3.016_0000A.xml
Parsing Gate XML file : /users/melodi/aghamnia/TextToBabelNet/wiki_gate/frwiki-20130328-5.004_0000A.xml
Starting parsing for /users/melodi/aghamnia/TextToBabelNet/wiki_gate/frwiki-20130328-3.007_0000A.xml
Starting parsing for /users/melodi/aghamnia/TextToBabelNet/wiki_gate/frwiki-20130328-6.005_0000A.xml
Starting parsing for /users/melodi/aghamnia/TextToBabelNet/wiki_gate/frwiki-20130328-5.004_0000A.xml
Thread n°130 is running...
Starting parsing for /users/melodi/aghamnia/TextToBabelNet/wiki_gate/frwiki-20130328-3.016_0000A.xml
Thread n°131 is running...
Thread n°132 is running...
Thread n°133 is running...
Parsing Gate XML file : /users/melodi/aghamnia/TextToBabelNet/wiki_gate/frwiki-20130328-5.017_0000A.xml
Starting parsing for /users/melodi/aghamnia/TextToBabelNet/wiki_gate/frwiki-20130328-5.017_0000A.xml
Thread n°134 is running...
Parsing Gate XML file : /users/melodi/aghamnia/TextToBabelNet/wiki_gate/frwiki-20130328-5.020_0000A.xml
Starting parsing for /users/melodi/aghamnia/TextToBabelNet/wiki_gate/frwiki-20130328-5.020_0000A.xml
Parsing Gate XML file : /users/melodi/aghamnia/TextToBabelNet/wiki_gate/frwiki-20130328-4.019_0000A.xml
Thread n°135 is running...
Starting parsing for /users/melodi/aghamnia/TextToBabelNet/wiki_gate/frwiki-20130328-4.019_0000A.xml
Parsing Gate XML file : /users/melodi/aghamnia/TextToBabelNet/wiki_gate/frwiki-20130328-3.001_0000A.xml
Thread n°136 is running...
Starting parsing for /users/melodi/aghamnia/TextToBabelNet/wiki_gate/frwiki-20130328-3.001_0000A.xml
Parsing Gate XML file : /users/melodi/aghamnia/TextToBabelNet/wiki_gate/frwiki-20130328-7.025_0000A.xml
Starting parsing for /users/melodi/aghamnia/TextToBabelNet/wiki_gate/frwiki-20130328-7.025_0000A.xml
Thread n°137 is running...
Parsing Gate XML file : /users/melodi/aghamnia/TextToBabelNet/wiki_gate/frwiki-20130328-3.009_0000A.xml
Starting parsing for /users/melodi/aghamnia/TextToBabelNet/wiki_gate/frwiki-20130328-3.009_0000A.xml
Thread n°138 is running...
Parsing Gate XML file : /users/melodi/aghamnia/TextToBabelNet/wiki_gate/frwiki-20130328-6.023_0000A.xml
Thread n°139 is running...
Starting parsing for /users/melodi/aghamnia/TextToBabelNet/wiki_gate/frwiki-20130328-6.023_0000A.xml
Thread n°140 is running...
Parsing Gate XML file : /users/melodi/aghamnia/TextToBabelNet/wiki_gate/frwiki-20130328-2.017_0000A.xml
Starting parsing for /users/melodi/aghamnia/TextToBabelNet/wiki_gate/frwiki-20130328-2.017_0000A.xml
Parsing Gate XML file : /users/melodi/aghamnia/TextToBabelNet/wiki_gate/frwiki-20130328-5.010_0000A.xml
Starting parsing for /users/melodi/aghamnia/TextToBabelNet/wiki_gate/frwiki-20130328-5.010_0000A.xml
Thread n°141 is running...
Parsing Gate XML file : /users/melodi/aghamnia/TextToBabelNet/wiki_gate/frwiki-20130328-4.012_0000A.xml
Thread n°142 is running...
Starting parsing for /users/melodi/aghamnia/TextToBabelNet/wiki_gate/frwiki-20130328-4.012_0000A.xml
Thread n°143 is running...
Thread n°144 is running...
Parsing Gate XML file : /users/melodi/aghamnia/TextToBabelNet/wiki_gate/frwiki-20130328-4.013_0000A.xml
Parsing Gate XML file : /users/melodi/aghamnia/TextToBabelNet/wiki_gate/frwiki-20130328-6.002_0000A.xml
Starting parsing for /users/melodi/aghamnia/TextToBabelNet/wiki_gate/frwiki-20130328-4.013_0000A.xml
Thread n°145 is running...
Starting parsing for /users/melodi/aghamnia/TextToBabelNet/wiki_gate/frwiki-20130328-6.002_0000A.xml
Parsing Gate XML file : /users/melodi/aghamnia/TextToBabelNet/wiki_gate/frwiki-20130328-4.015_0000A.xml
Starting parsing for /users/melodi/aghamnia/TextToBabelNet/wiki_gate/frwiki-20130328-4.015_0000A.xml
Parsing Gate XML file : /users/melodi/aghamnia/TextToBabelNet/wiki_gate/frwiki-20130328-5.005_0000A.xml
Thread n°146 is running...
Starting parsing for /users/melodi/aghamnia/TextToBabelNet/wiki_gate/frwiki-20130328-5.005_0000A.xml
Parsing Gate XML file : /users/melodi/aghamnia/TextToBabelNet/wiki_gate/frwiki-20130328-4.014_0000A.xml
Starting parsing for /users/melodi/aghamnia/TextToBabelNet/wiki_gate/frwiki-20130328-4.014_0000A.xml
Thread n°147 is running...
Parsing Gate XML file : /users/melodi/aghamnia/TextToBabelNet/wiki_gate/frwiki-20130328-2.021_0000A.xml
Starting parsing for /users/melodi/aghamnia/TextToBabelNet/wiki_gate/frwiki-20130328-2.021_0000A.xml
Thread n°148 is running...
Thread n°149 is running...
Parsing Gate XML file : /users/melodi/aghamnia/TextToBabelNet/wiki_gate/frwiki-20130328-7.017_0000A.xml
Parsing Gate XML file : /users/melodi/aghamnia/TextToBabelNet/wiki_gate/frwiki-20130328-7.026_0000A.xml
Thread n°150 is running...
Starting parsing for /users/melodi/aghamnia/TextToBabelNet/wiki_gate/frwiki-20130328-7.017_0000A.xml
Starting parsing for /users/melodi/aghamnia/TextToBabelNet/wiki_gate/frwiki-20130328-7.026_0000A.xml
Parsing Gate XML file : /users/melodi/aghamnia/TextToBabelNet/wiki_gate/frwiki-20130328-4.011_0000A.xml
Starting parsing for /users/melodi/aghamnia/TextToBabelNet/wiki_gate/frwiki-20130328-4.011_0000A.xml
Parsing Gate XML file : /users/melodi/aghamnia/TextToBabelNet/wiki_gate/frwiki-20130328-2.008_0000A.xml
Starting parsing for /users/melodi/aghamnia/TextToBabelNet/wiki_gate/frwiki-20130328-2.008_0000A.xml
All threads are launched at : 13 14:5
Thread n°0 is running
Thread n°1 is running
Thread n°2 is running
Thread n°3 is running
Thread n°4 is running
Thread n°5 is running
Thread n°6 is running
Thread n°7 is running
Thread n°8 is running
Thread n°9 is running
Thread n°10 is running
Thread n°11 is running
Thread n°12 is running
Thread n°13 is running
Thread n°14 is running
Thread n°15 is running
Thread n°16 is running
Thread n°17 is running
Thread n°18 is running
Thread n°19 is running
Thread n°20 is running
Thread n°21 is running
Thread n°22 is running
Thread n°23 is running
Thread n°24 is running
Thread n°25 is running
Thread n°26 is running
Thread n°27 is running
Thread n°28 is running
Thread n°29 is running
Thread n°30 is running
Thread n°31 is running
Thread n°32 is running
Thread n°33 is running
Thread n°34 is running
Thread n°35 is running
Thread n°36 is running
Thread n°37 is running
Thread n°38 is running
Thread n°39 is running
Thread n°40 is running
Thread n°41 is running
Thread n°42 is running
Thread n°43 is running
Thread n°44 is running
Thread n°45 is running
Thread n°46 is running
Thread n°47 is running
Thread n°48 is running
Thread n°49 is running
Thread n°50 is running
Thread n°51 is running
Thread n°52 is running
Thread n°53 is running
Thread n°54 is running
Thread n°55 is running
Thread n°56 is running
Thread n°57 is running
Thread n°58 is running
Thread n°59 is running
Thread n°60 is running
Thread n°61 is running
Thread n°62 is running
Thread n°63 is running
Thread n°64 is running
Thread n°65 is running
Thread n°66 is running
Thread n°67 is running
Thread n°68 is running
Thread n°69 is running
Thread n°70 is running
Thread n°71 is running
Thread n°72 is running
Thread n°73 is running
Thread n°74 is running
Thread n°75 is running
Thread n°76 is running
Thread n°77 is running
Thread n°78 is running
Thread n°79 is running
Thread n°80 is running
Thread n°81 is running
Thread n°82 is running
Thread n°83 is running
Thread n°84 is running
Thread n°85 is running
Thread n°86 is running
Thread n°87 is running
Thread n°88 is running
Thread n°89 is running
Thread n°90 is running
Thread n°91 is running
Thread n°92 is running
Thread n°93 is running
Thread n°94 is running
Thread n°95 is running
Thread n°96 is running
Thread n°97 is running
Thread n°98 is running
Thread n°99 is running
Thread n°100 is running
Thread n°101 is running
Thread n°102 is running
Thread n°103 is running
Thread n°104 is running
Thread n°105 is running
Thread n°106 is running
Thread n°107 is running
Thread n°108 is running
Thread n°109 is running
Thread n°110 is running
Thread n°111 is running
Thread n°112 is running
Thread n°113 is running
Thread n°114 is running
Thread n°115 is running
Thread n°116 is running
Thread n°117 is running
Thread n°118 is running
Thread n°119 is running
Thread n°120 is running
Thread n°121 is running
Thread n°122 is running
Thread n°123 is running
Thread n°124 is running
Thread n°125 is running
Thread n°126 is running
Thread n°127 is running
Thread n°128 is running
Thread n°129 is running
Thread n°130 is running
Thread n°131 is running
Thread n°132 is running
Thread n°133 is running
Thread n°134 is running
Thread n°135 is running
Thread n°136 is running
Thread n°137 is running
Thread n°138 is running
Thread n°139 is running
Thread n°140 is running
Thread n°141 is running
Thread n°142 is running
Thread n°143 is running
Thread n°144 is running
Thread n°145 is running
Thread n°146 is running
Thread n°147 is running
Thread n°148 is running
Thread n°149 is running
Thread n°150 is running
151 threads are checked at : 13 14:16
Thread n°0 is running
Thread n°1 is running
Thread n°2 is running
Thread n°3 is running
Thread n°4 is running
Thread n°5 is running
Thread n°6 is running
Thread n°7 is running
Thread n°8 is running
Thread n°9 is running
Thread n°10 is running
Thread n°11 is running
Thread n°12 is running
Thread n°13 is running
Thread n°14 is running
Thread n°15 is running
Thread n°16 is running
Thread n°17 is running
Thread n°18 is running
Thread n°19 is running
Thread n°20 is running
Thread n°21 is running
Thread n°22 is running
Thread n°23 is running
Thread n°24 is running
Thread n°25 is running
Thread n°26 is running
Thread n°27 is running
Thread n°28 is running
Thread n°29 is running
Thread n°30 is running
Thread n°31 is running
Thread n°32 is running
Thread n°33 is running
Thread n°34 is running
Thread n°35 is running
Thread n°36 is running
Thread n°37 is running
Thread n°38 is running
Thread n°39 is running
Thread n°40 is running
Thread n°41 is running
Thread n°42 is running
Thread n°43 is running
Thread n°44 is running
Thread n°45 is running
Thread n°46 is running
Thread n°47 is running
Thread n°48 is running
Thread n°49 is running
Thread n°50 is running
Thread n°51 is running
Thread n°52 is running
Thread n°53 is running
Thread n°54 is running
Thread n°55 is running
Thread n°56 is running
Thread n°57 is running
Thread n°58 is running
Thread n°59 is running
Thread n°60 is running
Thread n°61 is running
Thread n°62 is running
Thread n°63 is running
Thread n°64 is running
Thread n°65 is running
Thread n°66 is running
Thread n°67 is running
Thread n°68 is running
Thread n°69 is running
Thread n°70 is running
Thread n°71 is running
Thread n°72 is running
Thread n°73 is running
Thread n°74 is running
Thread n°75 is running
Thread n°76 is running
Thread n°77 is running
Thread n°78 is running
Thread n°79 is running
Thread n°80 is running
Thread n°81 is running
Thread n°82 is running
Thread n°83 is running
Thread n°84 is running
Thread n°85 is running
Thread n°86 is running
Thread n°87 is running
Thread n°88 is running
Thread n°89 is running
Thread n°90 is running
Thread n°91 is running
Thread n°92 is running
Thread n°93 is running
Thread n°94 is running
Thread n°95 is running
Thread n°96 is running
Thread n°97 is running
Thread n°98 is running
Thread n°99 is running
Thread n°100 is running
Thread n°101 is running
Thread n°102 is running
Thread n°103 is running
Thread n°104 is running
Thread n°105 is running
Thread n°106 is running
Thread n°107 is running
Thread n°108 is running
Thread n°109 is running
Thread n°110 is running
Thread n°111 is running
Thread n°112 is running
Thread n°113 is running
Thread n°114 is running
Thread n°115 is running
Thread n°116 is running
Thread n°117 is running
Thread n°118 is running
Thread n°119 is running
Thread n°120 is running
Thread n°121 is running
Thread n°122 is running
Thread n°123 is running
Thread n°124 is running
Thread n°125 is running
Thread n°126 is running
Thread n°127 is running
Thread n°128 is running
Thread n°129 is running
Thread n°130 is running
Thread n°131 is running
Thread n°132 is running
Thread n°133 is running
Thread n°134 is running
Thread n°135 is running
Thread n°136 is running
Thread n°137 is running
Thread n°138 is running
Thread n°139 is running
Thread n°140 is running
Thread n°141 is running
Thread n°142 is running
Thread n°143 is running
Thread n°144 is running
Thread n°145 is running
Thread n°146 is running
Thread n°147 is running
Thread n°148 is running
Thread n°149 is running
Thread n°150 is running
151 threads are checked at : 13 14:28
Thread n°0 is running
Thread n°1 is running
Thread n°2 is running
Thread n°3 is running
Thread n°4 is running
Thread n°5 is running
Thread n°6 is running
Thread n°7 is running
Thread n°8 is running
Thread n°9 is running
Thread n°10 is running
Thread n°11 is running
Thread n°12 is running
Thread n°13 is running
Thread n°14 is running
Thread n°15 is running
Thread n°16 is running
Thread n°17 is running
Thread n°18 is running
Thread n°19 is running
Thread n°20 is running
Thread n°21 is running
Thread n°22 is running
Thread n°23 is running
Thread n°24 is running
Thread n°25 is running
Thread n°26 is running
Thread n°27 is running
Thread n°28 is running
Thread n°29 is running
Thread n°30 is running
Thread n°31 is running
Thread n°32 is running
Thread n°33 is running
Thread n°34 is running
Thread n°35 is running
Thread n°36 is running
Thread n°37 is running
Thread n°38 is running
Thread n°39 is running
Thread n°40 is running
Thread n°41 is running
Thread n°42 is running
Thread n°43 is running
Thread n°44 is running
Thread n°45 is running
Thread n°46 is running
Thread n°47 is running
Thread n°48 is running
Thread n°49 is running
Thread n°50 is running
Thread n°51 is running
Thread n°52 is running
Thread n°53 is running
Thread n°54 is running
Thread n°55 is running
Thread n°56 is running
Thread n°57 is running
Thread n°58 is running
Thread n°59 is running
Thread n°60 is running
Thread n°61 is running
Thread n°62 is running
Thread n°63 is running
Thread n°64 is running
Thread n°65 is running
Thread n°66 is running
Thread n°67 is running
Thread n°68 is running
Thread n°69 is running
Thread n°70 is running
Thread n°71 is running
Thread n°72 is running
Thread n°73 is running
Thread n°74 is running
Thread n°75 is running
Thread n°76 is running
Thread n°77 is running
Thread n°78 is running
Thread n°79 is running
Thread n°80 is running
Thread n°81 is running
Thread n°82 is running
Thread n°83 is running
Thread n°84 is running
Thread n°85 is running
Thread n°86 is running
Thread n°87 is running
Thread n°88 is running
Thread n°89 is running
Thread n°90 is running
Thread n°91 is running
Thread n°92 is running
Thread n°93 is running
Thread n°94 is running
Thread n°95 is running
Thread n°96 is running
Thread n°97 is running
Thread n°98 is running
Thread n°99 is running
Thread n°100 is running
Thread n°101 is running
Thread n°102 is running
Thread n°103 is running
Thread n°104 is running
Thread n°105 is running
Thread n°106 is running
Thread n°107 is running
Thread n°108 is running
Thread n°109 is running
Thread n°110 is running
Thread n°111 is running
Thread n°112 is running
Thread n°113 is running
Thread n°114 is running
Thread n°115 is running
Thread n°116 is running
Thread n°117 is running
Thread n°118 is running
Thread n°119 is running
Thread n°120 is running
Thread n°121 is running
Thread n°122 is running
Thread n°123 is running
Thread n°124 is running
Thread n°125 is running
Thread n°126 is running
Thread n°127 is running
Thread n°128 is running
Thread n°129 is running
Thread n°130 is running
Thread n°131 is running
Thread n°132 is running
Thread n°133 is running
Thread n°134 is running
Thread n°135 is running
Thread n°136 is running
Thread n°137 is running
Thread n°138 is running
Thread n°139 is running
Thread n°140 is running
Thread n°141 is running
Thread n°142 is running
Thread n°143 is running
Thread n°144 is running
Thread n°145 is running
Thread n°146 is running
Thread n°147 is running
Thread n°148 is running
Thread n°149 is running
Thread n°150 is running
151 threads are checked at : 13 14:41
Thread n°0 is running
Thread n°1 is running
Thread n°2 is running
Thread n°3 is running
Thread n°4 is running
Thread n°6 is running
Thread n°7 is running
Thread n°8 is running
Thread n°9 is running
Thread n°10 is running
Thread n°11 is running
Thread n°12 is running
Thread n°13 is running
Thread n°14 is running
Thread n°15 is running
Thread n°16 is running
Thread n°18 is running
Thread n°20 is running
Thread n°21 is running
Thread n°22 is running
Thread n°23 is running
Thread n°24 is running
Thread n°25 is running
Thread n°26 is running
Thread n°27 is running
Thread n°28 is running
Thread n°29 is running
Thread n°30 is running
Thread n°31 is running
Thread n°32 is running
Thread n°33 is running
Thread n°34 is running
Thread n°35 is running
Thread n°36 is running
Thread n°37 is running
Thread n°38 is running
Thread n°39 is running
Thread n°40 is running
Thread n°41 is running
Thread n°42 is running
Thread n°43 is running
Thread n°44 is running
Thread n°45 is running
Thread n°46 is running
Thread n°47 is running
Thread n°48 is running
Thread n°49 is running
Thread n°50 is running
Thread n°51 is running
Thread n°52 is running
Thread n°53 is running
Thread n°54 is running
Thread n°55 is running
Thread n°57 is running
Thread n°58 is running
Thread n°59 is running
Thread n°60 is running
Thread n°61 is running
Thread n°62 is running
Thread n°63 is running
Thread n°64 is running
Thread n°65 is running
Thread n°66 is running
Thread n°67 is running
Thread n°68 is running
Thread n°69 is running
Thread n°70 is running
Thread n°73 is running
Thread n°74 is running
Thread n°75 is running
Thread n°76 is running
Thread n°77 is running
Thread n°78 is running
Thread n°79 is running
Thread n°80 is running
Thread n°81 is running
Thread n°82 is running
Thread n°83 is running
Thread n°84 is running
Thread n°85 is running
Thread n°86 is running
Thread n°87 is running
Thread n°88 is running
Thread n°89 is running
Thread n°90 is running
Thread n°91 is running
Thread n°92 is running
Thread n°93 is running
Thread n°94 is running
Thread n°95 is running
Thread n°96 is running
Thread n°97 is running
Thread n°98 is running
Thread n°99 is running
Thread n°100 is running
Thread n°102 is running
Thread n°103 is running
Thread n°104 is running
Thread n°105 is running
Thread n°106 is running
Thread n°108 is running
Thread n°109 is running
Thread n°110 is running
Thread n°111 is running
Thread n°112 is running
Thread n°113 is running
Thread n°114 is running
Thread n°115 is running
Thread n°116 is running
Thread n°117 is running
Thread n°118 is running
Thread n°119 is running
Thread n°121 is running
Thread n°122 is running
Thread n°123 is running
Thread n°124 is running
Thread n°125 is running
Thread n°126 is running
Thread n°127 is running
Thread n°128 is running
Thread n°129 is running
Thread n°130 is running
Thread n°131 is running
Thread n°132 is running
Thread n°134 is running
Thread n°135 is running
Thread n°136 is running
Thread n°137 is running
Thread n°138 is running
Thread n°139 is running
Thread n°140 is running
Thread n°141 is running
Thread n°142 is running
Thread n°143 is running
Thread n°144 is running
Thread n°145 is running
Thread n°146 is running
Thread n°147 is running
Thread n°148 is running
Thread n°149 is running
Thread n°150 is running
141 threads are checked at : 13 16:11
--Linking terms to their sentences for : /users/melodi/aghamnia/TextToBabelNet/wiki_gate/frwiki-20130328-1.007_0000A.xml
Thread n°0 is running
Thread n°1 is running
Thread n°2 is running
Thread n°3 is running
Thread n°4 is running
Thread n°6 is running
Thread n°7 is running
Thread n°8 is running
Thread n°9 is running
Thread n°10 is running
Thread n°11 is running
Thread n°12 is running
Thread n°13 is running
Thread n°14 is running
Thread n°15 is running
Thread n°16 is running
Thread n°18 is running
Thread n°20 is running
Thread n°21 is running
Thread n°22 is running
Thread n°23 is running
Thread n°24 is running
Thread n°25 is running
Thread n°26 is running
Thread n°27 is running
Thread n°28 is running
Thread n°29 is running
Thread n°30 is running
Thread n°31 is running
Thread n°32 is running
Thread n°33 is running
Thread n°34 is running
Thread n°35 is running
Thread n°36 is running
Thread n°37 is running
Thread n°38 is running
Thread n°39 is running
Thread n°40 is running
Thread n°41 is running
Thread n°42 is running
Thread n°43 is running
Thread n°44 is running
Thread n°45 is running
Thread n°46 is running
Thread n°47 is running
Thread n°48 is running
Thread n°49 is running
Thread n°50 is running
Thread n°51 is running
Thread n°52 is running
Thread n°53 is running
Thread n°54 is running
Thread n°55 is running
Thread n°57 is running
Thread n°58 is running
Thread n°59 is running
Thread n°60 is running
Thread n°61 is running
Thread n°62 is running
Thread n°63 is running
Thread n°64 is running
Thread n°65 is running
Thread n°66 is running
Thread n°67 is running
Thread n°68 is running
Thread n°69 is running
Thread n°70 is running
Thread n°73 is running
Thread n°74 is running
Thread n°75 is running
Thread n°76 is running
Thread n°77 is running
Thread n°78 is running
Thread n°79 is running
Thread n°80 is running
Thread n°81 is running
Thread n°82 is running
Thread n°83 is running
Thread n°84 is running
Thread n°85 is running
Thread n°86 is running
Thread n°87 is running
Thread n°88 is running
Thread n°89 is running
Thread n°90 is running
Thread n°91 is running
Thread n°92 is running
Thread n°93 is running
Thread n°94 is running
Thread n°95 is running
Thread n°96 is running
Thread n°97 is running
Thread n°98 is running
Thread n°99 is running
Thread n°100 is running
Thread n°102 is running
Thread n°103 is running
Thread n°104 is running
Thread n°105 is running
Thread n°106 is running
Thread n°108 is running
Thread n°109 is running
Thread n°110 is running
Thread n°111 is running
Thread n°112 is running
Thread n°113 is running
Thread n°114 is running
Thread n°115 is running
Thread n°116 is running
Thread n°117 is running
Thread n°118 is running
Thread n°119 is running
Thread n°121 is running
Thread n°122 is running
Thread n°123 is running
Thread n°124 is running
Thread n°125 is running
Thread n°126 is running
Thread n°127 is running
Thread n°128 is running
Thread n°129 is running
Thread n°130 is running
Thread n°131 is running
Thread n°132 is running
Thread n°134 is running
Thread n°135 is running
Thread n°136 is running
Thread n°137 is running
Thread n°138 is running
Thread n°139 is running
Thread n°140 is running
Thread n°141 is running
Thread n°142 is running
Thread n°143 is running
Thread n°144 is running
Thread n°145 is running
Thread n°146 is running
Thread n°147 is running
Thread n°148 is running
Thread n°149 is running
Thread n°150 is running
141 threads are checked at : 13 16:27
Thread n°0 is running
